Case #1: IMPOSSIBLE
Case #2: IMPOSSIBLE
Case #3: IMPOSSIBLE
Case #4: 1 2 3 5 4
Case #5: 20 19 14 13 12 1 11 4 3 2 7 5 6 10 9 8 17 16 15 18
Case #6: 17 12 7 10 6 3 9 14 1 4 5 8 2 13 15 18 19 11 20 16
Case #7: 1 2 3 4 5 6 8 7 9 10 11 12 13 14 15 16 17 18 19 20
Case #8: IMPOSSIBLE
Case #9: IMPOSSIBLE
Case #10: 1 3 4 7 8 2 5 6 9 10
Case #11: 2 1 4 6 7 8 11 3 9 5 10 12 14 13 15
Case #12: 1 2 7 8 9 10 5 11 13 4 14 15 6 16 3 17 18 12 20 19
Case #13: 1 2 7 8 9 10 11 12 13 14 15 16 3 17 4 18 5 19 6
Case #14: 1
Case #15: 1 2 3 4 5 6 7 8 9 10
Case #16: IMPOSSIBLE
Case #17: IMPOSSIBLE
Case #18: 1
Case #19: 2 1
Case #20: IMPOSSIBLE
Case #21: 1 2 3 4 5
Case #22: 1 2 3
Case #23: 2 1 4 3
Case #24: 1 2 4 5 6 8 10 11 12 13 14 15 3 7 16 17 9 18 19 20
Case #25: 1 2 3 4 6 7 8 5 9
