Case #1: 2 3 4 5 7 9 11 14 12 1 16 15 17 8 18 13 6 10 19 20 
Case #2: IMPOSSIBLE
Case #3: 1 2 3 4 5 
Case #4: IMPOSSIBLE
Case #5: 1 2 3 
Case #6: IMPOSSIBLE
Case #7: 14 6 12 2 1 3 4 5 7 8 9 10 13 15 11 16 17 18 19 20 
Case #8: 1 2 7 8 9 10 11 12 13 14 15 16 3 17 4 18 5 19 6 
Case #9: 1 2 3 5 6 4 8 9 7 10 
Case #10: IMPOSSIBLE
Case #11: 3 4 5 6 1 7 8 9 10 12 13 14 16 17 15 18 19 11 20 2 
Case #12: 4 3 1 2 6 8 9 10 11 5 12 13 15 7 16 17 18 19 14 20 
Case #13: 1 2 4 5 6 7 3 11 8 9 10 12 13 15 14 
Case #14: 1 
Case #15: 1 
Case #16: IMPOSSIBLE
Case #17: 1 2 3 4 5 6 7 9 8 
Case #18: IMPOSSIBLE
Case #19: 2 1 4 3 
Case #20: IMPOSSIBLE
Case #21: 2 1 
Case #22: 20 19 1 6 5 4 3 2 8 7 18 17 16 15 14 13 12 11 10 9 
Case #23: 1 2 3 4 5 
Case #24: IMPOSSIBLE
Case #25: 2 6 1 4 3 7 5 8 10 11 12 9 14 15 16 17 18 13 19 20 
