Case #1: IMPOSSIBLE
Case #2: IMPOSSIBLE
Case #3: 1 8 13 3 6 7 2 14 4 5 9 11 12 10 15 
Case #4: 1 2 3 4 5 6 7 8 9 10 12 11 13 14 15 
Case #5: 1 2 3 4 5 
Case #6: 1 4 3 6 8 2 9 5 10 7 
Case #7: 1 2 7 8 9 10 11 12 13 14 15 16 3 17 4 18 5 19 6 
Case #8: IMPOSSIBLE
Case #9: 1 2 3 4 5 
Case #10: 1 4 5 2 9 7 12 13 10 14 15 16 17 11 18 6 19 8 20 3 
Case #11: 1 2 3 
Case #12: IMPOSSIBLE
Case #13: 1 
Case #14: 4 3 2 1 5 14 13 7 6 12 11 10 9 8 17 16 15 19 18 20 
Case #15: IMPOSSIBLE
Case #16: 2 5 1 3 4 7 8 11 12 13 14 15 6 9 18 10 16 17 19 20 
Case #17: 1 
Case #18: IMPOSSIBLE
Case #19: 1 3 7 4 9 5 6 8 10 2 11 12 13 14 16 15 17 19 18 20 
Case #20: 1 2 6 3 7 8 4 10 5 9 
Case #21: IMPOSSIBLE
Case #22: 1 2 3 4 5 6 7 9 8 
Case #23: 9 16 2 3 10 14 20 12 11 7 15 5 17 4 6 13 1 18 19 8 
Case #24: 2 1 4 3 
Case #25: 2 1 
