Case #1: 1 2 5 4 3 6 7 8 9 10 11 12 14 16 13 15 17 18 19 20
Case #2: 1 2 3 4 5 6 8 9 10 7
Case #3: 1 2 3 4 5
Case #4: IMPOSSIBLE
Case #5: IMPOSSIBLE
Case #6: 12 8 10 11 6 15 16 2 1 5 3 7 9 4 13 14 17 18 19 20
Case #7: 1
Case #8: 20 12 11 9 8 7 5 4 3 2 1 6 10 16 15 13 14 19 18 17
Case #9: 2 1 4 3
Case #10: 1 2 3
Case #11: 1 2 3 4 5 6 9 7 8 10 11 13 12 14 15 16 17 18 20 19
Case #12: 1 2 3 4 5 6 7 8 9
Case #13: IMPOSSIBLE
Case #14: IMPOSSIBLE
Case #15: 2 3 1 5 4 6 7 8 9 11 13 14 16 18 10 12 19 20 15 17
Case #16: 1
Case #17: 5 1 2 6 7 3 4 8 9 10
Case #18: 1 2 7 8 9 10 11 12 13 14 15 16 3 17 4 18 5 19 6
Case #19: IMPOSSIBLE
Case #20: 1 3 5 8 2 11 12 13 6 14 9 15 10 16 4 17 18 19 7 20
Case #21: 1 2 3 4 5 6 7 8 9 10 11 12 13 14 15
Case #22: 1 3 5 2 4 6 7 8 13 9 10 15 11 14 12
Case #23: 2 1
Case #24: IMPOSSIBLE
Case #25: IMPOSSIBLE
